<?xml version="1.0" encoding="UTF-8"?>
<!-- Generated by org.testng.reporters.JUnitReportReporter -->
<testsuite skipped="0" hostname="r90ngunv.nehta.net.au" name="com.github.dionmcm.ncts.syndication.client.clientTest" tests="4" failures="0" timestamp="01 May 2018 06:40:33 GMT" time="0.712" errors="0">
  <testcase name="downloadsAllFilesInCategory" time="0.470" classname="com.github.dionmcm.ncts.syndication.client.clientTest"/>
  <testcase name="downloadsLatestInCategory" time="0.049" classname="com.github.dionmcm.ncts.syndication.client.clientTest"/>
  <testcase name="hashMismatchInSyndicationThrowsException" time="0.054" classname="com.github.dionmcm.ncts.syndication.client.clientTest"/>
  <testcase name="downloadsFilesFromMultipleCategories" time="0.139" classname="com.github.dionmcm.ncts.syndication.client.clientTest"/>
</testsuite> <!-- com.github.dionmcm.ncts.syndication.client.clientTest -->
